[2025-11-22 14:00:00] INFO: Connected to Proposer (node_id=0x9c2e, difficulty=3)
[2025-11-22 14:00:05] INFO: Received problem batch (count=5, timeout=120s)
[2025-11-22 14:02:30] DEBUG: Rollout generated (problem_id=0x3a7f, steps=42, diversity_score=0.68)
[2025-11-22 14:02:35] INFO: Reward received (amount=0.0038 GENSYN, problem_id=0x3a7f, rank=4/10)
[2025-11-22 14:05:00] INFO: Policy update received (epoch=127, loss=0.0412)
[2025-11-22 14:05:01] INFO: Gradient applied: avg_norm=0.0089
[2025-11-22 14:07:15] DEBUG: Rollout generated (problem_id=0x4b8c, steps=38, diversity_score=0.71)
[2025-11-22 14:07:20] INFO: Reward received (amount=0.0045 GENSYN, problem_id=0x4b8c, rank=2/10)
[2025-11-22 14:10:00] INFO: Policy update received (epoch=128, loss=0.0398)
[2025-11-22 14:10:01] INFO: Gradient applied: avg_norm=0.0082
[2025-11-22 14:12:45] DEBUG: Rollout generated (problem_id=0x5c9d, steps=45, diversity_score=0.64)
[2025-11-22 14:12:50] INFO: Reward received (amount=0.0041 GENSYN, problem_id=0x5c9d, rank=3/11)
[2025-11-22 14:15:00] INFO: Policy update received (epoch=129, loss=0.0385)
[2025-11-22 14:15:01] INFO: Gradient applied: avg_norm=0.0078
[2025-11-22 14:15:30] INFO: Difficulty adjusted: 3 → 4 (swarm_success_rate=0.82)
[2025-11-22 14:16:00] DEBUG: Rollout generated (problem_id=0x6d1e, steps=52, diversity_score=0.59)
[2025-11-22 14:16:05] INFO: Reward received (amount=0.0052 GENSYN, problem_id=0x6d1e, rank=3/12)
[2025-11-22 14:18:30] DEBUG: Rollout generated (problem_id=0x7e2f, steps=48, diversity_score=0.66)
[2025-11-22 14:18:35] INFO: Reward received (amount=0.0049 GENSYN, problem_id=0x7e2f, rank=2/12)
[2025-11-22 14:20:00] INFO: Policy update received (epoch=130, loss=0.0401)
[2025-11-22 14:20:01] INFO: Gradient applied: avg_norm=0.0091
[2025-11-22 14:22:15] DEBUG: Rollout generated (problem_id=0x8f3a, steps=55, diversity_score=0.62)
[2025-11-22 14:22:20] INFO: Reward received (amount=0.0046 GENSYN, problem_id=0x8f3a, rank=4/13)
[2025-11-22 14:25:00] INFO: Policy update received (epoch=131, loss=0.0378)
[2025-11-22 14:25:01] INFO: Gradient applied: avg_norm=0.0074
[2025-11-22 14:25:10] DEBUG: Rollout generated (problem_id=0x9a4b, steps=41, diversity_score=0.69)
[2025-11-22 14:25:15] INFO: Reward received (amount=0.0048 GENSYN, problem_id=0x9a4b, rank=2/11)
[2025-11-22 14:27:45] DEBUG: Rollout generated (problem_id=0xab5c, steps=44, diversity_score=0.73)
[2025-11-22 14:27:50] INFO: Reward received (amount=0.0051 GENSYN, problem_id=0xab5c, rank=1/11)
[2025-11-22 14:30:00] INFO: Policy update received (epoch=132, loss=0.0365)
[2025-11-22 14:30:01] INFO: Gradient applied: avg_norm=0.0071
[2025-11-22 14:32:20] DEBUG: Rollout generated (problem_id=0xbc6d, steps=39, diversity_score=0.75)
[2025-11-22 14:32:25] INFO: Reward received (amount=0.0053 GENSYN, problem_id=0xbc6d, rank=1/12)
[2025-11-22 14:35:00] INFO: Policy update received (epoch=133, loss=0.0352)
[2025-11-22 14:35:01] INFO: Gradient applied: avg_norm=0.0068
[2025-11-22 14:37:10] DEBUG: Rollout generated (problem_id=0xcd7e, steps=43, diversity_score=0.70)
[2025-11-22 14:37:15] INFO: Reward received (amount=0.0050 GENSYN, problem_id=0xcd7e, rank=2/13)
[2025-11-22 14:40:00] INFO: Policy update received (epoch=134, loss=0.0348)
[2025-11-22 14:40:01] INFO: Gradient applied: avg_norm=0.0066
[2025-11-22 14:42:30] DEBUG: Rollout generated (problem_id=0xde8f, steps=47, diversity_score=0.67)
[2025-11-22 14:42:35] INFO: Reward received (amount=0.0047 GENSYN, problem_id=0xde8f, rank=3/12)
[2025-11-22 14:45:00] INFO: Policy update received (epoch=135, loss=0.0341)
[2025-11-22 14:45:01] INFO: Gradient applied: avg_norm=0.0064
[2025-11-22 14:45:30] INFO: Difficulty adjusted: 4 → 5 (swarm_success_rate=0.85)
[2025-11-22 14:47:20] DEBUG: Rollout generated (problem_id=0xef9a, steps=61, diversity_score=0.58)
[2025-11-22 14:47:25] INFO: Reward received (amount=0.0055 GENSYN, problem_id=0xef9a, rank=4/14)
[2025-11-22 14:50:00] INFO: Policy update received (epoch=136, loss=0.0356)
[2025-11-22 14:50:01] INFO: Gradient applied: avg_norm=0.0075
[2025-11-22 14:52:15] DEBUG: Rollout generated (problem_id=0xfaab, steps=58, diversity_score=0.63)
[2025-11-22 14:52:20] INFO: Reward received (amount=0.0052 GENSYN, problem_id=0xfaab, rank=3/13)
[2025-11-22 14:55:00] INFO: Policy update received (epoch=137, loss=0.0349)
[2025-11-22 14:55:01] INFO: Gradient applied: avg_norm=0.0070
[2025-11-22 14:57:40] DEBUG: Rollout generated (problem_id=0x1bbc, steps=54, diversity_score=0.71)
[2025-11-22 14:57:45] INFO: Reward received (amount=0.0054 GENSYN, problem_id=0x1bbc, rank=2/14)
[2025-11-22 15:00:00] INFO: Policy update received (epoch=138, loss=0.0338)
[2025-11-22 15:00:01] INFO: Gradient applied: avg_norm=0.0067
